//
// Generated file to implement the V0S4_Test_RowGen_GRID_2_Transformer transform operator.
//

// define our input/output link names
inputname 0 DSLink3;
outputname 0 DSLink5;

initialize {
 // define our control variables
 int8 RowRejected0;
 int8 NullSetVar0;

 // declare our intermediate variables for this section (1)
 string InterVar0_0;

 // initialise constant values which require conversion
 InterVar0_0 = "Test";
}

mainloop {

 // initialise the rejected row variable
 RowRejected0 = 1;

 // evaluate columns (no constraints) for link: DSLink5
 DSLink5.col1 = (DSLink3.col1 + 5);
 DSLink5.col2 = (DSLink3.col2 + InterVar0_0);
 DSLink5.col3 = (DSLink3.col3 / 2);
 writerecord 0;
 RowRejected0 = 0;
}

finish {
}
